[2014-08-28 08:02:41] START
[2014-08-28 08:03:46] EDIT cfui/models/db.py: 1
[2014-08-28 08:04:30] EDIT cfui/models/db.py: -1
[2014-08-28 08:08:13] EDIT cfui/models/db.py: -2
[2014-08-28 08:49:21] EDIT cfui/models/db.py: 14
[2014-08-28 08:51:44] EDIT cfui/models/db.py: 0
[2014-08-28 08:51:57] EDIT cfui/models/db.py: 0
[2014-08-28 08:53:04] EDIT cfui/models/db.py: 0
[2014-08-28 08:54:22] EDIT cfui/models/db.py: 0
[2014-08-28 08:54:47] EDIT cfui/models/db.py: 0
[2014-08-28 08:56:22] EDIT cfui/models/db.py: 0
[2014-08-28 08:56:25] EDIT cfui/models/db.py: 0
[2014-08-28 08:57:19] EDIT cfui/models/db.py: 0
[2014-08-28 08:57:50] EDIT cfui/models/db.py: 0
[2014-08-28 08:58:21] EDIT cfui/models/db.py: 0
[2014-08-28 08:59:20] EDIT cfui/models/db.py: 0
[2014-08-28 09:01:47] EDIT cfui/models/db.py: 2
[2014-08-28 09:02:33] EDIT cfui/models/db.py: 1
[2014-08-28 09:02:50] EDIT cfui/models/db.py: 0
[2014-08-28 09:05:32] EDIT cfui/models/db.py: 2
[2014-08-28 09:06:21] EDIT cfui/models/db.py: 0
[2014-08-28 09:07:12] EDIT cfui/models/db.py: 2
[2014-08-28 09:10:35] EDIT cfui/models/db.py: 3
[2014-08-28 09:10:58] EDIT cfui/models/db.py: 0
[2014-08-28 10:22:40] EDIT cfui/models/db.py: 6
[2014-08-28 10:22:46] EDIT cfui/models/db.py: 0
[2014-08-28 11:07:13] EDIT cfui/models/db.py: 0
[2014-08-28 11:08:46] EDIT cfui/models/db.py: 2
[2014-08-28 11:10:25] EDIT cfui/models/db.py: 2
[2014-08-28 11:10:49] EDIT cfui/models/db.py: -1
[2014-08-28 11:11:07] EDIT cfui/models/db.py: 1
[2014-08-28 11:15:56] EDIT cfui/models/db.py: 0
[2014-08-28 11:16:59] EDIT cfui/models/db.py: 0
[2014-08-28 11:17:26] EDIT cfui/models/db.py: 0
[2014-08-28 11:17:33] EDIT cfui/models/db.py: 0
[2014-08-28 11:20:02] EDIT cfui/views/default/index.html: -30
[2014-08-28 11:24:32] EDIT cfui/models/menu.py: 0
[2014-08-28 11:27:15] EDIT cfui/models/menu.py: 0
[2014-08-28 11:31:34] EDIT cfui/models/menu.py: 0
[2014-08-28 11:31:50] EDIT cfui/models/menu.py: 0
[2014-08-28 11:34:34] EDIT cfui/models/menu.py: -1
[2014-08-28 11:35:51] EDIT cfui/models/menu.py: 0
[2014-08-28 11:36:08] EDIT cfui/models/menu.py: 0
[2014-08-28 11:39:03] EDIT cfui/models/menu.py: 0
[2014-08-28 11:40:40] EDIT cfui/models/menu.py: 0
[2014-08-28 11:41:25] EDIT cfui/models/menu.py: 0
[2014-08-28 11:42:24] EDIT cfui/models/menu.py: 0
[2014-08-28 11:45:07] EDIT cfui/models/menu.py: 0
[2014-08-28 11:51:11] EDIT cfui/views/layout.html: 0
[2014-08-28 11:59:27] EDIT cfui/controllers/default.py: 0
[2014-08-28 12:00:59] EDIT cfui/controllers/default.py: 1
[2014-08-28 12:01:12] EDIT cfui/controllers/default.py: 0
[2014-08-28 12:01:25] EDIT cfui/controllers/default.py: 0
[2014-08-28 12:02:50] EDIT cfui/controllers/default.py: 0
[2014-08-28 12:04:37] EDIT cfui/controllers/default.py: 1
[2014-08-28 12:05:33] EDIT cfui/controllers/default.py: 1
[2014-08-28 12:05:48] EDIT cfui/controllers/default.py: 2
[2014-08-28 12:05:56] EDIT cfui/controllers/default.py: 0
[2014-08-28 12:06:02] EDIT cfui/controllers/default.py: 0
[2014-08-28 12:06:05] EDIT cfui/controllers/default.py: 0
[2014-08-28 12:06:07] EDIT cfui/controllers/default.py: 0
[2014-08-28 12:06:23] EDIT cfui/controllers/default.py: 0
[2014-08-28 12:10:05] EDIT cfui/controllers/default.py: 1
[2014-08-28 12:10:10] EDIT cfui/controllers/default.py: 0
[2014-08-28 12:11:51] EDIT cfui/views/default/index.html: 1
[2014-08-28 12:12:30] EDIT cfui/views/default/index.html: 0
[2014-08-28 12:15:05] CREATE default/workflow.html: 0
[2014-08-28 12:15:37] EDIT cfui/views/default/workflow.html: -1
[2014-08-28 12:16:01] EDIT cfui/views/default/workflow.html: 0
[2014-08-28 12:18:19] EDIT cfui/models/menu.py: 1
[2014-08-28 12:18:24] EDIT cfui/models/menu.py: 0
[2014-08-28 12:19:07] EDIT cfui/models/menu.py: -2
[2014-08-28 12:19:10] EDIT cfui/models/menu.py: 0
[2014-08-28 12:19:28] EDIT cfui/models/menu.py: 1
[2014-08-28 12:33:21] EDIT cfui/controllers/default.py: 3
[2014-08-28 12:33:41] EDIT cfui/controllers/default.py: 3
[2014-08-28 12:35:10] EDIT cfui/controllers/default.py: 0
[2014-08-28 12:36:17] EDIT cfui/controllers/default.py: -6
[2014-08-28 12:47:27] EDIT cfui/controllers/default.py: -1
[2014-08-28 12:47:46] EDIT cfui/views/default/index.html: -1
[2014-08-28 12:48:56] EDIT cfui/models/db.py: 0
[2014-08-28 12:50:53] EDIT cfui/controllers/default.py: 0
[2014-08-28 12:51:53] EDIT cfui/controllers/default.py: 0
[2014-08-28 13:04:24] EDIT cfui/models/db.py: 1
[2014-08-28 13:05:25] EDIT cfui/models/db.py: 0
[2014-08-28 13:12:33] EDIT cfui/controllers/default.py: 0
[2014-08-28 13:14:19] EDIT cfui/controllers/default.py: 4
[2014-08-28 13:15:09] EDIT cfui/models/menu.py: 1
[2014-08-28 13:28:20] EDIT cfui/controllers/default.py: 0
[2014-08-28 13:33:54] EDIT cfui/controllers/default.py: 5
[2014-08-28 13:35:09] EDIT cfui/controllers/default.py: 0
[2014-08-28 13:35:43] EDIT cfui/controllers/default.py: 0
[2014-08-28 13:44:47] EDIT cfui/controllers/default.py: 0
[2014-08-28 13:46:00] EDIT cfui/controllers/default.py: 0
[2014-08-28 13:46:46] EDIT cfui/controllers/default.py: 0
[2014-08-28 13:47:57] EDIT cfui/controllers/default.py: 0
[2014-08-28 13:48:01] EDIT cfui/controllers/default.py: 0
[2014-08-28 13:52:02] EDIT cfui/models/db.py: 5
[2014-08-28 13:52:44] EDIT cfui/models/db.py: 0
[2014-08-28 13:53:03] EDIT cfui/models/db.py: -5
[2014-08-28 13:53:26] EDIT cfui/models/db.py: 1
[2014-08-28 13:53:59] EDIT cfui/models/db.py: 1
[2014-08-28 13:54:47] EDIT cfui/models/db.py: 0
[2014-08-28 13:55:41] EDIT cfui/models/db.py: -1
[2014-08-28 13:57:11] EDIT cfui/models/db.py: 4
[2014-08-28 13:57:16] EDIT cfui/models/db.py: -1
[2014-08-28 13:58:19] EDIT cfui/models/db.py: 0
[2014-08-28 13:58:20] EDIT cfui/models/db.py: 0
[2014-08-28 14:02:44] EDIT cfui/models/db.py: 0
[2014-08-28 14:04:50] EDIT cfui/controllers/default.py: 0
[2014-08-28 14:05:28] EDIT cfui/controllers/default.py: 0
[2014-08-28 14:06:24] EDIT cfui/models/menu.py: 0
[2014-08-28 14:08:32] EDIT cfui/models/db.py: 1
[2014-08-28 14:09:08] EDIT cfui/controllers/default.py: 0
[2014-08-28 14:13:50] EDIT cfui/controllers/default.py: 1
[2014-08-28 14:16:16] EDIT cfui/controllers/default.py: 1
[2014-08-28 14:16:21] EDIT cfui/controllers/default.py: 0
[2014-08-28 14:16:32] EDIT cfui/controllers/default.py: 0
[2014-08-28 14:16:46] EDIT cfui/controllers/default.py: 0
[2014-08-28 14:17:11] EDIT cfui/controllers/default.py: 0
[2014-08-28 14:21:35] EDIT cfui/controllers/default.py: 1
[2014-08-28 14:22:53] EDIT cfui/controllers/default.py: 1
[2014-08-28 14:23:15] EDIT cfui/controllers/default.py: -1
[2014-08-28 14:25:17] EDIT cfui/controllers/default.py: 0
[2014-08-28 14:25:30] EDIT cfui/controllers/default.py: 0
[2014-08-28 14:25:35] EDIT cfui/controllers/default.py: 0
[2014-08-28 14:25:48] EDIT cfui/controllers/default.py: 0
[2014-08-28 14:34:34] EDIT cfui/controllers/default.py: 0
[2014-08-28 14:34:57] EDIT cfui/controllers/default.py: 0
[2014-08-28 14:36:19] EDIT cfui/controllers/default.py: 0
[2014-08-28 14:36:50] EDIT cfui/controllers/default.py: 1
[2014-08-28 14:36:53] EDIT cfui/controllers/default.py: 0
[2014-08-28 14:37:43] EDIT cfui/controllers/default.py: 0
[2014-08-28 14:37:47] EDIT cfui/controllers/default.py: 0
[2014-08-28 14:45:20] EDIT cfui/controllers/default.py: 0
[2014-08-28 14:46:51] EDIT cfui/models/db.py: 1
[2014-08-28 14:46:58] EDIT cfui/models/db.py: 0
[2014-08-28 14:47:53] EDIT cfui/models/db.py: 0
[2014-08-28 14:49:13] EDIT cfui/models/db.py: 1
[2014-08-28 14:49:45] EDIT cfui/models/db.py: 0
[2014-08-28 14:51:09] CREATE default/prepare.html: 0
[2014-08-28 14:51:31] EDIT cfui/models/menu.py: -1
[2014-08-28 14:53:58] EDIT cfui/views/default/prepare.html: 0
[2014-08-28 14:55:00] EDIT cfui/views/default/prepare.html: 1
[2014-08-28 14:57:12] EDIT cfui/models/db.py: 0
[2014-08-28 14:57:43] EDIT cfui/views/default/prepare.html: 0
[2014-08-28 14:59:02] EDIT cfui/views/default/prepare.html: 0
[2014-08-28 14:59:38] EDIT cfui/views/default/prepare.html: 0
[2014-08-28 15:00:20] EDIT cfui/views/default/prepare.html: 0
[2014-08-28 15:00:50] EDIT cfui/views/default/prepare.html: 0
[2014-08-28 15:01:03] EDIT cfui/views/default/prepare.html: 0
[2014-08-28 15:02:25] EDIT cfui/views/default/prepare.html: 0
[2014-08-28 17:06:26] EDIT cfui/models/db.py: 4
[2014-08-28 17:06:30] EDIT cfui/models/db.py: 0
[2014-08-28 17:08:19] EDIT cfui/models/db.py: 3
[2014-08-29 14:09:35] EDIT cfui/models/db.py: 2
[2014-08-29 14:11:00] EDIT cfui/models/db.py: -1
[2014-08-29 14:12:26] EDIT cfui/models/db.py: 1
[2014-08-29 14:13:00] EDIT cfui/models/db.py: -2
[2014-08-29 14:14:14] EDIT cfui/controllers/default.py: 0
[2014-08-29 14:14:49] EDIT cfui/controllers/default.py: 0
[2014-08-29 14:18:20] EDIT cfui/models/db.py: 1
[2014-08-29 14:23:16] EDIT cfui/controllers/default.py: 10
[2014-08-29 14:24:01] EDIT cfui/models/menu.py: 1
[2014-08-29 14:24:27] EDIT cfui/controllers/default.py: 1
[2014-08-29 14:25:09] EDIT cfui/controllers/default.py: 3
[2014-08-29 14:30:35] EDIT cfui/controllers/default.py: 1
[2014-08-29 14:30:39] EDIT cfui/controllers/default.py: 0
[2014-08-29 14:32:27] CREATE default/link.html: 0
[2014-08-29 14:32:49] EDIT cfui/views/default/link.html: -1
[2014-08-29 14:33:54] EDIT cfui/models/db.py: 0
[2014-08-29 14:34:23] EDIT cfui/controllers/default.py: 0
[2014-08-29 14:34:32] EDIT cfui/models/menu.py: 0
[2014-08-29 14:34:50] DELETE cfui/views/default/link.html: -2
[2014-08-29 14:34:59] CREATE default/userdata.html: 0
[2014-08-29 14:35:12] EDIT cfui/views/default/userdata.html: -1
[2014-08-29 14:36:56] EDIT cfui/models/db.py: 0
[2014-08-29 14:37:41] EDIT cfui/models/db.py: 1
[2014-08-29 14:37:50] EDIT cfui/models/menu.py: 0
[2014-08-29 14:38:03] DELETE cfui/views/default/userdata.html: -2
[2014-08-29 14:38:13] CREATE default/userfile.html: 0
[2014-08-29 14:38:24] EDIT cfui/views/default/userfile.html: -1
[2014-08-29 14:38:38] EDIT cfui/controllers/default.py: 0
[2014-08-29 14:39:31] EDIT cfui/controllers/default.py: 0
[2014-08-29 14:40:10] EDIT cfui/controllers/default.py: 2
[2014-08-29 14:40:12] EDIT cfui/controllers/default.py: 0
[2014-08-29 14:41:49] EDIT cfui/models/db.py: 2
[2014-08-29 14:42:45] EDIT cfui/models/db.py: 3
[2014-08-29 14:44:10] EDIT cfui/models/db.py: 0
[2014-08-29 14:51:53] EDIT cfui/controllers/default.py: 0
[2014-08-29 14:52:36] EDIT cfui/models/db.py: 0
[2014-08-29 14:54:12] EDIT cfui/controllers/default.py: -2
[2014-08-29 14:56:27] EDIT cfui/models/menu.py: 0
[2014-08-29 14:58:56] EDIT cfui/models/db.py: 1
[2014-08-29 14:59:03] EDIT cfui/models/db.py: 0
[2014-08-29 15:08:05] EDIT cfui/models/db.py: 1
[2014-08-29 15:09:44] EDIT cfui/controllers/default.py: 2
[2014-08-29 15:09:50] EDIT cfui/controllers/default.py: 0
[2014-08-29 15:10:10] EDIT cfui/models/db.py: 1
[2014-08-29 15:11:43] EDIT cfui/controllers/default.py: 4
[2014-08-29 15:12:08] EDIT cfui/controllers/default.py: 0
[2014-08-29 15:27:58] EDIT cfui/controllers/default.py: 0
[2014-08-29 15:28:12] EDIT cfui/controllers/default.py: 0
[2014-08-29 15:28:21] EDIT cfui/controllers/default.py: -6
[2014-08-29 15:31:45] EDIT cfui/models/db.py: 1
[2014-08-29 15:32:16] EDIT cfui/models/db.py: -1
[2014-08-29 22:14:58] EDIT cfui/controllers/default.py: 1
[2014-08-29 22:15:25] EDIT cfui/views/default/prepare.html: -2
[2014-08-29 22:18:17] EDIT cfui/controllers/default.py: 0
[2014-08-29 22:20:47] EDIT cfui/controllers/default.py: 8
[2014-08-29 22:24:07] EDIT cfui/views/default/prepare.html: 7
[2014-08-30 11:47:39] EDIT cfui/models/db.py: 1
[2014-08-30 11:48:49] EDIT cfui/models/db.py: 0
[2014-08-30 11:50:18] EDIT cfui/controllers/default.py: -9
[2014-08-30 11:52:16] EDIT cfui/controllers/default.py: 1
[2014-08-30 11:54:59] EDIT cfui/controllers/default.py: 1
[2014-08-30 11:55:04] EDIT cfui/controllers/default.py: 0
[2014-08-30 11:55:38] EDIT cfui/views/default/prepare.html: -2
[2014-08-30 11:55:56] EDIT cfui/views/default/prepare.html: -4
[2014-08-30 11:56:20] EDIT cfui/controllers/default.py: 0
[2014-08-30 11:58:54] EDIT cfui/controllers/default.py: 0
[2014-08-30 11:59:07] EDIT cfui/controllers/default.py: -1
[2014-08-30 11:59:34] EDIT cfui/controllers/default.py: 1
[2014-08-30 12:00:50] EDIT cfui/controllers/default.py: 1
[2014-08-30 12:01:00] EDIT cfui/views/default/prepare.html: 1
[2014-08-30 12:05:19] EDIT cfui/models/db.py: 1
[2014-08-30 12:08:25] EDIT cfui/controllers/default.py: 5
[2014-08-30 12:08:47] EDIT cfui/controllers/default.py: 0
[2014-08-30 12:09:27] EDIT cfui/controllers/default.py: 0
[2014-08-30 12:09:38] EDIT cfui/controllers/default.py: 0
[2014-08-30 12:10:03] EDIT cfui/controllers/default.py: 0
[2014-08-30 12:10:09] EDIT cfui/controllers/default.py: 0
[2014-08-30 12:10:59] EDIT cfui/controllers/default.py: 0
[2014-08-30 12:11:31] EDIT cfui/controllers/default.py: 0
[2014-08-30 12:11:51] EDIT cfui/controllers/default.py: 0
[2014-08-30 12:12:01] EDIT cfui/controllers/default.py: 0
[2014-08-30 12:12:12] EDIT cfui/controllers/default.py: 0
[2014-08-30 12:21:48] EDIT cfui/controllers/default.py: 2
[2014-08-30 12:22:26] EDIT cfui/controllers/default.py: 0
[2014-08-30 12:23:32] EDIT cfui/controllers/default.py: 1
[2014-08-30 12:23:38] EDIT cfui/controllers/default.py: 0
[2014-08-30 12:26:13] EDIT cfui/controllers/default.py: 0
[2014-08-30 12:27:50] EDIT cfui/controllers/default.py: 0
[2014-08-30 12:27:52] EDIT cfui/controllers/default.py: 0
[2014-08-30 12:33:18] EDIT cfui/controllers/default.py: 0
[2014-08-30 12:34:07] EDIT cfui/controllers/default.py: 0
[2014-08-30 12:34:25] EDIT cfui/controllers/default.py: 0
[2014-08-30 12:38:39] EDIT cfui/controllers/default.py: 0
[2014-08-30 12:39:09] EDIT cfui/controllers/default.py: 0
[2014-08-30 12:45:53] EDIT cfui/controllers/default.py: 0
[2014-08-30 12:46:10] EDIT cfui/controllers/default.py: -1
[2014-08-30 12:47:28] EDIT cfui/controllers/default.py: 0
[2014-08-30 12:47:29] EDIT cfui/controllers/default.py: 0
[2014-08-30 12:48:14] EDIT cfui/controllers/default.py: 2
[2014-08-30 12:48:30] EDIT cfui/controllers/default.py: 0
[2014-08-30 12:49:06] EDIT cfui/controllers/default.py: -1
[2014-08-30 12:49:16] EDIT cfui/controllers/default.py: 0
[2014-08-30 12:49:32] EDIT cfui/controllers/default.py: 0
[2014-08-30 12:49:55] EDIT cfui/controllers/default.py: -1
[2014-08-30 12:51:49] EDIT cfui/controllers/default.py: 0
[2014-08-30 12:52:21] EDIT cfui/controllers/default.py: 2
[2014-08-30 12:53:03] EDIT cfui/controllers/default.py: 2
[2014-08-30 12:53:06] EDIT cfui/controllers/default.py: 0
[2014-08-30 12:53:19] EDIT cfui/controllers/default.py: 0
[2014-08-30 12:54:43] EDIT cfui/controllers/default.py: 1
[2014-08-30 12:55:32] EDIT cfui/controllers/default.py: 1
[2014-08-30 12:56:28] EDIT cfui/controllers/default.py: 0
[2014-08-30 12:58:14] EDIT cfui/controllers/default.py: -1
[2014-08-30 12:59:45] EDIT cfui/controllers/default.py: 0
[2014-08-30 13:01:06] EDIT cfui/controllers/default.py: 0
[2014-08-30 13:01:11] EDIT cfui/controllers/default.py: 0
[2014-08-30 13:01:42] EDIT cfui/controllers/default.py: 0
[2014-08-30 13:01:44] EDIT cfui/controllers/default.py: 0
[2014-08-30 13:02:13] EDIT cfui/controllers/default.py: 0
[2014-08-30 13:02:22] EDIT cfui/controllers/default.py: 0
[2014-08-30 13:03:11] EDIT cfui/controllers/default.py: -2
[2014-08-30 13:03:32] EDIT cfui/controllers/default.py: 1
[2014-08-30 13:03:47] EDIT cfui/controllers/default.py: 0
[2014-08-30 13:05:37] EDIT cfui/controllers/default.py: 0
[2014-08-30 13:06:11] EDIT cfui/controllers/default.py: 2
[2014-08-30 13:06:17] EDIT cfui/controllers/default.py: 0
[2014-08-30 13:06:29] EDIT cfui/controllers/default.py: 0
[2014-08-30 13:07:43] EDIT cfui/controllers/default.py: 0
[2014-08-30 13:08:03] EDIT cfui/controllers/default.py: 0
[2014-08-30 13:27:02] EDIT cfui/controllers/default.py: 0
[2014-08-30 13:27:15] EDIT cfui/controllers/default.py: 0
[2014-09-01 07:40:29] EDIT cfui/controllers/default.py: 2
[2014-09-01 07:41:22] EDIT cfui/controllers/default.py: 0
[2014-09-01 07:42:19] EDIT cfui/controllers/default.py: 0
[2014-09-01 07:43:03] EDIT cfui/controllers/default.py: 0
[2014-09-01 07:43:34] EDIT cfui/controllers/default.py: 0
[2014-09-01 07:47:52] EDIT cfui/controllers/default.py: 0
[2014-09-01 07:52:18] EDIT cfui/controllers/default.py: 0
[2014-09-01 07:52:34] EDIT cfui/controllers/default.py: 0
[2014-09-01 07:52:55] EDIT cfui/controllers/default.py: 0
[2014-09-01 07:53:10] EDIT cfui/controllers/default.py: 0
[2014-09-01 07:54:20] EDIT cfui/controllers/default.py: 0
[2014-09-01 07:55:58] EDIT cfui/models/db.py: 3
[2014-09-01 07:56:59] EDIT cfui/models/db.py: -1
[2014-09-01 07:57:41] EDIT cfui/models/db.py: 1
[2014-09-01 07:59:45] EDIT cfui/controllers/default.py: 3
[2014-09-01 07:59:50] EDIT cfui/controllers/default.py: 0
[2014-09-01 08:00:00] EDIT cfui/controllers/default.py: 0
[2014-09-01 08:00:04] EDIT cfui/controllers/default.py: 0
[2014-09-01 08:01:47] EDIT cfui/controllers/default.py: 0
[2014-09-01 08:01:51] EDIT cfui/controllers/default.py: 0
[2014-09-01 08:05:32] EDIT cfui/controllers/default.py: 2
[2014-09-01 08:05:41] EDIT cfui/controllers/default.py: 0
[2014-09-01 08:06:56] EDIT cfui/controllers/default.py: 0
[2014-09-01 08:08:54] EDIT cfui/controllers/default.py: 0
[2014-09-01 08:10:09] EDIT cfui/controllers/default.py: 1
[2014-09-01 08:10:11] EDIT cfui/controllers/default.py: -1
[2014-09-01 08:10:24] EDIT cfui/controllers/default.py: -1
[2014-09-01 08:10:44] EDIT cfui/controllers/default.py: 0
[2014-09-01 08:11:29] EDIT cfui/controllers/default.py: 0
[2014-09-01 08:11:42] EDIT cfui/controllers/default.py: 0
[2014-09-01 08:12:48] EDIT cfui/controllers/default.py: 1
[2014-09-01 08:13:31] EDIT cfui/controllers/default.py: -1
[2014-09-01 08:13:43] EDIT cfui/controllers/default.py: 0
[2014-09-01 08:13:56] EDIT cfui/controllers/default.py: 0
[2014-09-01 08:14:21] EDIT cfui/controllers/default.py: 0
[2014-09-01 08:14:35] EDIT cfui/controllers/default.py: 0
[2014-09-01 08:15:08] EDIT cfui/controllers/default.py: 0
[2014-09-01 08:17:30] EDIT cfui/models/db.py: 1
[2014-09-01 08:17:44] EDIT cfui/models/db.py: 0
[2014-09-01 08:18:25] EDIT cfui/models/db.py: -1
[2014-09-01 08:19:05] EDIT cfui/models/db.py: -1
[2014-09-01 08:19:53] EDIT cfui/models/db.py: -2
[2014-09-01 08:20:06] EDIT cfui/models/db.py: 0
[2014-09-01 08:21:43] EDIT cfui/models/db.py: 0
[2014-09-01 08:22:42] EDIT cfui/models/db.py: 1
[2014-09-01 08:23:59] EDIT cfui/controllers/default.py: -2
[2014-09-01 08:25:04] EDIT cfui/controllers/default.py: 3
[2014-09-01 08:28:36] EDIT cfui/controllers/default.py: 0
[2014-09-01 08:38:03] EDIT cfui/models/db.py: 0
[2014-09-01 08:39:34] EDIT cfui/models/db.py: 0
[2014-09-01 08:40:02] EDIT cfui/controllers/default.py: -1
[2014-09-01 08:40:56] EDIT cfui/controllers/default.py: 6
[2014-09-01 08:42:48] EDIT cfui/controllers/default.py: 0
[2014-09-01 08:43:00] EDIT cfui/controllers/default.py: 0
[2014-09-01 08:44:14] EDIT cfui/models/db.py: 0
[2014-09-01 08:48:33] EDIT cfui/controllers/default.py: 2
[2014-09-01 08:49:36] EDIT cfui/controllers/default.py: -1
[2014-09-01 08:52:59] EDIT cfui/controllers/default.py: 1
[2014-09-01 08:54:49] EDIT cfui/controllers/default.py: -5
[2014-09-01 08:55:09] EDIT cfui/controllers/default.py: 0
[2014-09-01 08:55:29] EDIT cfui/controllers/default.py: 0
[2014-09-02 10:47:57] EDIT cfui/models/db.py: 0
[2014-09-02 10:48:41] EDIT cfui/models/db.py: -3
[2014-09-02 10:58:00] EDIT cfui/models/db.py: 0
[2014-09-02 10:58:04] EDIT cfui/models/db.py: -1
[2014-09-02 10:58:56] EDIT cfui/models/db.py: -1
[2014-09-02 10:59:18] EDIT cfui/models/db.py: -1
[2014-09-02 11:00:35] EDIT cfui/models/db.py: 0
[2014-09-02 11:00:48] EDIT cfui/models/db.py: 0
[2014-09-02 11:01:54] EDIT cfui/controllers/default.py: 3
[2014-09-02 11:02:39] EDIT cfui/controllers/default.py: 2
[2014-09-02 11:03:28] EDIT cfui/controllers/default.py: 0
[2014-09-02 11:03:46] EDIT cfui/views/default/prepare.html: 1
[2014-09-02 11:04:42] EDIT cfui/controllers/default.py: 2
[2014-09-02 11:05:10] EDIT cfui/controllers/default.py: 1
[2014-09-02 11:06:43] EDIT cfui/controllers/default.py: 3
[2014-09-02 11:08:43] EDIT cfui/views/default/prepare.html: 2
[2014-09-02 11:09:04] EDIT cfui/views/default/prepare.html: 0
[2014-09-02 11:10:10] EDIT cfui/views/default/prepare.html: 0
[2014-09-02 11:10:38] EDIT cfui/views/default/prepare.html: 2
[2014-09-02 11:11:07] EDIT cfui/views/default/prepare.html: 0
[2014-09-02 11:11:50] EDIT cfui/views/default/prepare.html: 4
[2014-09-02 11:12:27] EDIT cfui/views/default/prepare.html: 0
[2014-09-02 11:16:15] EDIT cfui/views/default/prepare.html: 0
[2014-09-02 11:16:32] EDIT cfui/views/default/prepare.html: 0
[2014-09-02 11:17:02] EDIT cfui/views/default/prepare.html: 0
[2014-09-02 11:17:52] EDIT cfui/views/default/prepare.html: 0
[2014-09-02 11:18:27] EDIT cfui/views/default/prepare.html: 4
[2014-09-02 11:18:32] EDIT cfui/views/default/prepare.html: 0
[2014-09-02 11:18:52] EDIT cfui/views/default/prepare.html: 0
[2014-09-02 11:20:42] EDIT cfui/views/default/prepare.html: -6
[2014-09-02 11:21:44] EDIT cfui/views/default/prepare.html: 4
[2014-09-02 11:22:05] EDIT cfui/views/default/prepare.html: 0
[2014-09-02 11:22:33] EDIT cfui/views/default/prepare.html: 0
[2014-09-02 11:23:40] EDIT cfui/views/default/prepare.html: 4
[2014-09-02 11:23:52] EDIT cfui/views/default/prepare.html: 0
[2014-09-02 11:24:23] EDIT cfui/controllers/default.py: 1
[2014-09-02 11:24:53] EDIT cfui/controllers/default.py: 0
[2014-09-02 11:26:25] EDIT cfui/controllers/default.py: 0
[2014-09-02 11:26:26] EDIT cfui/controllers/default.py: 0
[2014-09-02 11:30:00] EDIT cfui/controllers/default.py: 2
[2014-09-02 11:30:32] EDIT cfui/controllers/default.py: 0
[2014-09-02 11:32:02] EDIT cfui/controllers/default.py: 2
[2014-09-02 11:32:34] EDIT cfui/controllers/default.py: 5
[2014-09-02 11:32:51] EDIT cfui/controllers/default.py: 0
[2014-09-02 11:33:39] EDIT cfui/views/default/prepare.html: 2
[2014-09-02 11:34:00] EDIT cfui/views/default/prepare.html: 0
[2014-09-02 11:34:45] EDIT cfui/views/default/prepare.html: 2
[2014-09-02 11:35:25] EDIT cfui/views/default/prepare.html: 0
[2014-09-02 11:36:00] EDIT cfui/views/default/prepare.html: 0
[2014-09-02 11:36:29] EDIT cfui/views/default/prepare.html: 0
[2014-09-02 11:37:30] EDIT cfui/views/default/prepare.html: 1
[2014-09-02 11:38:35] EDIT cfui/views/default/prepare.html: 0
[2014-09-02 11:40:12] EDIT cfui/views/default/prepare.html: 0
[2014-09-02 11:40:31] EDIT cfui/views/default/prepare.html: 0
[2014-09-02 11:40:53] EDIT cfui/views/default/prepare.html: 0
[2014-09-02 11:41:06] EDIT cfui/views/default/prepare.html: 0
[2014-09-02 11:41:39] EDIT cfui/views/default/prepare.html: 0
[2014-09-02 11:41:58] EDIT cfui/views/default/prepare.html: 0
[2014-09-02 11:43:15] EDIT cfui/views/default/prepare.html: 0
[2014-09-02 11:43:29] EDIT cfui/views/default/prepare.html: -1
[2014-09-02 11:55:19] EDIT cfui/controllers/default.py: 2
[2014-09-02 11:55:56] EDIT cfui/controllers/default.py: 2
[2014-09-02 11:56:24] EDIT cfui/controllers/default.py: 0
[2014-09-02 11:56:30] EDIT cfui/controllers/default.py: 0
[2014-09-02 11:57:18] EDIT cfui/controllers/default.py: 1
[2014-09-02 11:57:19] EDIT cfui/controllers/default.py: 0
[2014-09-02 11:58:05] EDIT cfui/controllers/default.py: 0
[2014-09-02 11:58:48] EDIT cfui/controllers/default.py: 0
[2014-09-02 11:58:56] EDIT cfui/controllers/default.py: 0
[2014-09-02 13:10:56] EDIT cfui/controllers/default.py: 1
[2014-09-02 13:17:55] EDIT cfui/controllers/default.py: 4
[2014-09-02 13:18:17] EDIT cfui/views/default/prepare.html: 1
[2014-09-02 13:19:09] EDIT cfui/controllers/default.py: 0
[2014-09-02 13:24:58] EDIT cfui/models/db.py: 0
[2014-09-02 13:27:05] EDIT cfui/controllers/default.py: 0
[2014-09-02 13:27:23] EDIT cfui/controllers/default.py: 0
[2014-09-02 13:27:55] EDIT cfui/controllers/default.py: 0
[2014-09-02 13:28:00] EDIT cfui/controllers/default.py: 0
[2014-09-02 13:28:49] EDIT cfui/controllers/default.py: 0
[2014-09-02 13:29:16] EDIT cfui/controllers/default.py: 0
[2014-09-02 13:29:45] EDIT cfui/controllers/default.py: 0
[2014-09-02 13:31:08] EDIT cfui/controllers/default.py: 1
[2014-09-02 13:33:09] EDIT cfui/controllers/default.py: 0
[2014-09-02 13:33:35] EDIT cfui/controllers/default.py: 4
[2014-09-02 13:34:27] EDIT cfui/controllers/default.py: 0
[2014-09-02 13:37:53] EDIT cfui/views/default/prepare.html: -2
[2014-09-02 20:29:48] EDIT cfui/controllers/default.py: 1
[2014-09-02 20:32:59] EDIT cfui/controllers/default.py: 5
[2014-09-02 20:33:10] EDIT cfui/controllers/default.py: 0
[2014-09-02 20:33:51] EDIT cfui/views/default/prepare.html: 1
[2014-09-02 20:42:21] EDIT cfui/controllers/default.py: 2
[2014-09-02 20:42:25] EDIT cfui/controllers/default.py: 0
[2014-09-02 20:42:29] EDIT cfui/controllers/default.py: 0
[2014-09-02 20:42:41] EDIT cfui/controllers/default.py: 0
[2014-09-02 20:43:57] EDIT cfui/controllers/default.py: -1
[2014-09-02 20:44:00] EDIT cfui/controllers/default.py: 0
[2014-09-02 20:45:45] EDIT cfui/controllers/default.py: 0
[2014-09-02 20:46:32] EDIT cfui/controllers/default.py: 0
[2014-09-02 20:47:48] EDIT cfui/controllers/default.py: 1
[2014-09-02 20:47:54] EDIT cfui/controllers/default.py: 0
[2014-09-02 20:49:26] EDIT cfui/controllers/default.py: 4
[2014-09-02 20:51:34] EDIT cfui/controllers/default.py: -2
[2014-09-02 20:52:38] CREATE default/history.html: 0
[2014-09-02 20:53:12] EDIT cfui/controllers/default.py: 2
[2014-09-02 20:53:53] EDIT cfui/models/menu.py: 1
[2014-09-03 07:32:16] EDIT cfui/views/default/history.html: -1
[2014-09-03 07:33:33] EDIT cfui/controllers/default.py: 1
[2014-09-03 07:34:31] EDIT cfui/controllers/default.py: 4
[2014-09-03 07:34:34] EDIT cfui/controllers/default.py: 0
[2014-09-03 07:36:04] EDIT cfui/controllers/default.py: 0
[2014-09-03 07:37:58] EDIT cfui/controllers/default.py: 0
[2014-09-03 07:38:25] EDIT cfui/views/default/history.html: 2
[2014-09-03 07:39:55] EDIT cfui/controllers/default.py: 0
[2014-09-03 07:40:49] EDIT cfui/controllers/default.py: 0
[2014-09-03 07:44:00] EDIT cfui/controllers/default.py: 1
[2014-09-03 07:45:16] EDIT cfui/controllers/default.py: 2
[2014-09-03 07:47:22] EDIT cfui/controllers/default.py: 2
[2014-09-03 08:02:21] EDIT cfui/controllers/default.py: 0
[2014-09-03 08:03:46] EDIT cfui/controllers/default.py: 0
[2014-09-03 08:05:58] EDIT cfui/controllers/default.py: 2
[2014-09-03 08:06:06] EDIT cfui/controllers/default.py: -2
[2014-09-03 08:06:27] EDIT cfui/controllers/default.py: 0
[2014-09-03 08:08:10] EDIT cfui/controllers/default.py: 0
[2014-09-03 08:17:57] EDIT cfui/controllers/default.py: 8
[2014-09-03 08:18:25] EDIT cfui/views/default/history.html: 2
[2014-09-03 08:18:46] EDIT cfui/controllers/default.py: 1
[2014-09-03 08:20:04] EDIT cfui/controllers/default.py: 0
[2014-09-03 08:20:09] EDIT cfui/controllers/default.py: 0
[2014-09-03 08:20:28] EDIT cfui/controllers/default.py: 1
[2014-09-03 08:20:52] EDIT cfui/views/default/history.html: -1
[2014-09-03 08:21:10] EDIT cfui/controllers/default.py: 0
[2014-09-03 08:21:17] EDIT cfui/controllers/default.py: 0
[2014-09-03 08:21:29] EDIT cfui/views/default/history.html: 1
[2014-09-03 08:25:28] EDIT cfui/views/default/history.html: 0
[2014-09-03 08:27:06] EDIT cfui/views/default/history.html: 0
[2014-09-03 08:29:13] EDIT cfui/controllers/default.py: 1
[2014-09-03 08:33:30] EDIT cfui/controllers/default.py: 0
[2014-09-03 08:34:36] EDIT cfui/controllers/default.py: 0
[2014-09-03 08:34:55] EDIT cfui/controllers/default.py: 3
[2014-09-03 08:35:57] EDIT cfui/controllers/default.py: 2
[2014-09-03 08:39:45] EDIT cfui/controllers/default.py: 1
[2014-09-03 08:42:18] EDIT cfui/controllers/default.py: 4
[2014-09-03 08:48:46] EDIT cfui/controllers/default.py: 11
[2014-09-03 08:49:49] EDIT cfui/controllers/default.py: 0
[2014-09-03 08:50:07] EDIT cfui/controllers/default.py: 0
[2014-09-03 08:51:23] EDIT cfui/controllers/default.py: 3
[2014-09-03 08:51:45] EDIT cfui/controllers/default.py: 0
[2014-09-03 08:51:46] EDIT cfui/controllers/default.py: 0
[2014-09-03 08:51:57] EDIT cfui/controllers/default.py: 0
[2014-09-03 08:52:22] EDIT cfui/controllers/default.py: 0
[2014-09-03 08:52:27] EDIT cfui/controllers/default.py: 0
[2014-09-03 08:52:30] EDIT cfui/controllers/default.py: 0
[2014-09-03 08:53:18] EDIT cfui/controllers/default.py: -1
[2014-09-11 15:21:49] EDIT cfui/models/db.py: 2
[2014-09-11 15:26:28] EDIT cfui/controllers/default.py: 1
[2014-09-11 15:27:10] EDIT cfui/controllers/default.py: 1
[2014-09-11 15:27:17] EDIT cfui/controllers/default.py: 0
[2014-09-11 15:27:57] EDIT cfui/controllers/default.py: 0
[2014-09-11 15:28:35] EDIT cfui/controllers/default.py: 1
[2014-09-11 15:29:05] EDIT cfui/controllers/default.py: 1
[2014-09-11 15:31:31] EDIT cfui/controllers/default.py: 0
[2014-09-11 15:33:04] EDIT cfui/controllers/default.py: -1
[2014-09-11 15:33:44] EDIT cfui/controllers/default.py: 1
[2014-09-11 15:34:09] EDIT cfui/controllers/default.py: 1
[2014-09-11 15:35:11] EDIT cfui/controllers/default.py: 0
[2014-09-11 15:35:33] EDIT cfui/controllers/default.py: 0
[2014-09-11 15:36:45] EDIT cfui/controllers/default.py: 0
[2014-09-11 15:42:10] EDIT cfui/controllers/default.py: 3
[2014-09-11 15:42:55] EDIT cfui/controllers/default.py: 0
[2014-09-11 15:46:29] EDIT cfui/controllers/default.py: 3
[2014-09-11 15:47:14] EDIT cfui/controllers/default.py: 1
[2014-09-11 15:47:45] EDIT cfui/controllers/default.py: 1
[2014-09-11 15:49:19] EDIT cfui/controllers/default.py: 4
[2014-09-11 15:50:02] EDIT cfui/controllers/default.py: 1
[2014-09-11 15:50:24] EDIT cfui/controllers/default.py: 0
[2014-09-11 15:50:45] EDIT cfui/controllers/default.py: 0
[2014-09-11 15:52:57] EDIT cfui/controllers/default.py: 0
[2014-09-11 15:53:32] EDIT cfui/views/default/prepare.html: 2
[2014-09-11 15:56:06] EDIT cfui/controllers/default.py: 0
[2014-09-11 15:56:09] EDIT cfui/controllers/default.py: 0
[2014-09-11 15:56:14] EDIT cfui/controllers/default.py: 0
[2014-09-11 15:57:59] EDIT cfui/controllers/default.py: 2
[2014-09-11 16:03:53] EDIT cfui/controllers/default.py: 2
[2014-09-11 16:08:19] EDIT cfui/controllers/default.py: -12
[2014-09-11 16:11:38] EDIT cfui/controllers/default.py: 1
[2014-09-11 16:12:13] EDIT cfui/controllers/default.py: 1
[2014-09-11 16:12:19] EDIT cfui/controllers/default.py: 0
[2014-09-11 16:13:00] EDIT cfui/controllers/default.py: 0
[2014-09-11 16:13:21] EDIT cfui/controllers/default.py: 0
[2014-09-11 16:15:12] EDIT cfui/controllers/default.py: 6
[2014-09-11 16:15:33] EDIT cfui/controllers/default.py: 1
[2014-09-11 16:15:35] EDIT cfui/controllers/default.py: 0
[2014-09-11 16:15:54] EDIT cfui/controllers/default.py: -8
[2014-09-11 16:21:02] EDIT cfui/controllers/default.py: 3
[2014-09-11 16:21:02] EDIT cfui/controllers/default.py: 0
[2014-09-11 16:21:26] EDIT cfui/controllers/default.py: 1
[2014-09-11 16:26:56] EDIT cfui/models/db.py: 0
[2014-09-11 16:53:30] EDIT cfui/models/db.py: 4
[2014-09-12 00:47:30] CREATE scheduler.py: 0
[2014-09-12 00:48:12] EDIT cfui/models/scheduler.py: 2
[2014-09-12 00:49:46] EDIT cfui/models/scheduler.py: 1
[2014-09-12 00:49:59] EDIT cfui/models/scheduler.py: 1
[2014-09-12 00:50:43] EDIT cfui/models/scheduler.py: 2
[2014-09-12 00:58:30] EDIT cfui/models/scheduler.py: 2
[2014-09-12 09:44:55] EDIT cfui/models/scheduler.py: -2
[2014-09-12 09:45:09] EDIT cfui/models/scheduler.py: 0
[2014-09-12 09:50:55] EDIT cfui/models/scheduler.py: 0
[2014-09-12 11:13:04] EDIT cfui/models/scheduler.py: 0
[2014-09-12 11:15:47] EDIT cfui/models/scheduler.py: 1
[2014-09-12 11:25:18] EDIT cfui/controllers/default.py: 1
[2014-09-12 11:34:31] EDIT cfui/controllers/default.py: -31
[2014-09-12 11:34:38] EDIT cfui/models/scheduler.py: 31
[2014-09-12 11:34:54] EDIT cfui/models/scheduler.py: 0
[2014-09-12 11:40:03] EDIT cfui/models/scheduler.py: 2
[2014-09-12 11:41:45] EDIT cfui/models/scheduler.py: 4
[2014-09-12 11:45:49] EDIT cfui/models/scheduler.py: 2
[2014-09-12 11:46:49] EDIT cfui/models/scheduler.py: 1
[2014-09-12 11:47:10] EDIT cfui/models/scheduler.py: 0
[2014-09-12 11:47:53] EDIT cfui/models/scheduler.py: 1
[2014-09-12 11:48:08] EDIT cfui/models/scheduler.py: 0
[2014-09-12 11:48:44] EDIT cfui/models/scheduler.py: 1
[2014-09-12 11:48:57] EDIT cfui/models/scheduler.py: 0
[2014-09-12 11:49:11] EDIT cfui/models/scheduler.py: 0
[2014-09-12 11:49:23] EDIT cfui/models/scheduler.py: 0
[2014-09-12 11:50:50] EDIT cfui/controllers/default.py: 0
[2014-09-12 11:51:54] EDIT cfui/models/scheduler.py: 0
[2014-09-12 11:55:01] EDIT cfui/models/scheduler.py: 0
[2014-09-12 11:55:16] EDIT cfui/models/scheduler.py: 0
[2014-09-12 11:59:13] EDIT cfui/models/scheduler.py: 0
[2014-09-12 12:00:38] EDIT cfui/models/scheduler.py: 1
[2014-09-12 12:01:00] EDIT cfui/models/scheduler.py: 0
[2014-09-12 12:01:52] EDIT cfui/models/scheduler.py: 1
[2014-09-12 12:05:26] EDIT cfui/models/scheduler.py: 2
[2014-09-12 12:05:33] EDIT cfui/models/scheduler.py: 0
[2014-09-12 12:05:43] EDIT cfui/models/scheduler.py: 0
[2014-09-12 12:07:30] EDIT cfui/models/scheduler.py: 1
[2014-09-12 12:09:51] EDIT cfui/models/scheduler.py: 0
[2014-09-12 12:15:21] EDIT cfui/models/scheduler.py: 0
[2014-09-12 12:17:59] EDIT cfui/models/scheduler.py: 1
[2014-09-12 12:18:35] EDIT cfui/models/scheduler.py: 0
[2014-09-12 12:19:25] EDIT cfui/models/scheduler.py: 0
[2014-09-12 12:19:58] EDIT cfui/models/scheduler.py: 0
[2014-09-12 12:20:07] EDIT cfui/models/scheduler.py: 0
[2014-09-12 12:23:32] EDIT cfui/models/scheduler.py: 1
[2014-09-12 13:46:36] EDIT cfui/models/scheduler.py: 1
[2014-09-12 13:48:58] EDIT cfui/models/scheduler.py: 0
[2014-09-12 13:53:25] EDIT cfui/models/scheduler.py: 0
[2014-09-12 13:54:26] EDIT cfui/models/scheduler.py: 0
[2014-09-12 13:54:53] EDIT cfui/models/scheduler.py: 0
[2014-09-12 13:56:11] EDIT cfui/models/scheduler.py: 0
[2014-09-12 13:56:50] EDIT cfui/models/scheduler.py: 0
[2014-09-12 13:58:42] EDIT cfui/models/scheduler.py: 0
[2014-09-12 13:59:09] EDIT cfui/models/scheduler.py: 0
[2014-09-12 14:22:53] EDIT cfui/models/scheduler.py: -1
[2014-09-15 11:45:02] EDIT cfui/models/db.py: -9
[2014-09-15 12:04:50] EDIT cfui/controllers/default.py: 0
[2014-09-15 16:03:12] EDIT cfui/models/db.py: 4
[2014-09-15 16:10:32] EDIT cfui/models/db.py: 4
[2014-09-15 16:10:45] EDIT cfui/models/db.py: 0
[2014-09-15 16:12:48] EDIT cfui/controllers/default.py: 1
[2014-09-15 20:11:01] EDIT cfui/models/db.py: 0
[2014-09-15 20:13:53] EDIT cfui/models/db.py: 1
[2014-09-15 20:14:14] EDIT cfui/models/db.py: 0
[2014-09-15 20:15:39] EDIT cfui/models/db.py: 1
[2014-09-15 20:16:47] EDIT cfui/models/db.py: 2
[2014-09-15 20:17:22] EDIT cfui/models/db.py: 1
[2014-09-15 20:18:32] EDIT cfui/models/db.py: 0
[2014-09-15 20:20:01] EDIT cfui/controllers/default.py: 1
[2014-09-15 20:20:03] EDIT cfui/controllers/default.py: 0
[2014-09-15 20:21:03] EDIT cfui/controllers/default.py: 1
[2014-09-15 20:30:48] EDIT cfui/models/scheduler.py: 0
[2014-09-15 20:31:55] EDIT cfui/models/scheduler.py: 1
[2014-09-15 20:32:34] EDIT cfui/models/scheduler.py: -2
[2014-09-15 20:32:48] EDIT cfui/models/scheduler.py: 2
[2014-09-15 20:33:48] EDIT cfui/controllers/default.py: 0
[2014-09-15 20:33:50] EDIT cfui/controllers/default.py: 0
[2014-09-15 20:36:18] EDIT cfui/controllers/default.py: -5
[2014-09-15 20:36:35] EDIT cfui/views/default/history.html: -2
[2014-09-15 20:37:11] EDIT cfui/views/default/prepare.html: -2
[2014-09-15 20:37:21] EDIT cfui/views/default/history.html: -2
[2014-09-15 20:37:33] EDIT cfui/controllers/default.py: 0
[2014-09-15 20:45:55] EDIT cfui/models/db.py: 0
[2014-09-15 23:19:39] EDIT cfui/models/scheduler.py: 0
[2014-09-15 23:19:52] EDIT cfui/models/scheduler.py: 0
[2014-09-15 23:21:21] EDIT cfui/models/scheduler.py: 1
[2014-09-15 23:21:32] EDIT cfui/models/scheduler.py: 0
[2014-09-15 23:21:49] EDIT cfui/models/scheduler.py: 0
[2014-09-15 23:22:17] EDIT cfui/models/scheduler.py: 1
[2014-09-15 23:22:42] EDIT cfui/models/scheduler.py: 0
[2014-09-15 23:25:53] EDIT cfui/models/scheduler.py: 2
[2014-09-15 23:26:21] EDIT cfui/models/scheduler.py: 1
[2014-09-15 23:26:28] EDIT cfui/models/scheduler.py: 0
[2014-09-15 23:26:42] EDIT cfui/models/scheduler.py: 0
[2014-09-15 23:28:35] EDIT cfui/models/scheduler.py: 1
[2014-09-15 23:34:04] EDIT cfui/models/scheduler.py: 0
[2014-09-15 23:35:11] EDIT cfui/models/scheduler.py: 0
[2014-09-15 23:36:50] EDIT cfui/models/scheduler.py: 1
[2014-09-15 23:38:06] EDIT cfui/models/scheduler.py: 1
[2014-09-15 23:38:24] EDIT cfui/models/scheduler.py: 1
[2014-09-15 23:40:00] EDIT cfui/models/scheduler.py: 2
[2014-09-15 23:42:47] EDIT cfui/models/scheduler.py: -4
[2014-09-15 23:43:19] EDIT cfui/models/scheduler.py: 0
[2014-09-15 23:43:21] EDIT cfui/models/scheduler.py: 0
[2014-09-15 23:43:41] EDIT cfui/models/scheduler.py: 0
[2014-09-15 23:51:37] EDIT cfui/models/scheduler.py: 0
[2014-09-15 23:51:51] EDIT cfui/models/scheduler.py: 0
[2014-09-15 23:54:51] EDIT cfui/models/scheduler.py: 3
[2014-09-15 23:55:08] EDIT cfui/models/scheduler.py: 1
[2014-09-15 23:57:38] EDIT cfui/models/scheduler.py: 2
[2014-09-15 23:57:49] EDIT cfui/models/scheduler.py: 0
[2014-09-15 23:57:52] EDIT cfui/models/scheduler.py: 0
[2014-09-16 00:08:20] EDIT cfui/models/scheduler.py: 0
[2014-09-16 00:09:42] EDIT cfui/models/scheduler.py: 0
[2014-09-16 00:11:38] EDIT cfui/models/scheduler.py: 0
[2014-09-16 00:14:35] EDIT cfui/models/scheduler.py: 0
[2014-09-16 00:15:16] EDIT cfui/models/scheduler.py: 2
[2014-09-16 00:17:06] EDIT cfui/models/scheduler.py: -1
[2014-09-16 00:17:22] EDIT cfui/models/scheduler.py: 0
[2014-09-16 00:20:22] EDIT cfui/models/scheduler.py: 0
[2014-09-16 00:26:52] EDIT cfui/models/scheduler.py: 0
[2014-09-16 09:52:19] EDIT cfui/models/scheduler.py: 0
[2014-09-16 09:57:31] EDIT cfui/models/db.py: 0
[2014-09-16 09:58:58] EDIT cfui/models/scheduler.py: 6
[2014-09-16 10:02:51] EDIT cfui/models/scheduler.py: 2
[2014-09-16 10:03:20] EDIT cfui/models/scheduler.py: 1
[2014-09-16 10:03:35] EDIT cfui/models/scheduler.py: 0
[2014-09-16 10:03:51] EDIT cfui/models/scheduler.py: 0
[2014-09-16 10:08:12] EDIT cfui/models/scheduler.py: 4
[2014-09-16 10:08:36] EDIT cfui/models/scheduler.py: 0
[2014-09-16 10:09:20] EDIT cfui/models/scheduler.py: 0
[2014-09-16 10:16:31] EDIT cfui/models/scheduler.py: 0
[2014-09-16 10:18:40] EDIT cfui/models/db.py: 0
[2014-09-16 10:20:17] EDIT cfui/models/scheduler.py: 0
[2014-09-16 10:20:49] EDIT cfui/models/scheduler.py: 0
[2014-09-16 10:24:59] EDIT cfui/models/scheduler.py: 0
[2014-09-16 10:26:39] EDIT cfui/models/scheduler.py: 0
[2014-09-16 10:32:09] EDIT cfui/models/db.py: 0
[2014-09-16 10:32:29] EDIT cfui/models/scheduler.py: 0
[2014-09-16 10:32:42] EDIT cfui/models/scheduler.py: 0
[2014-09-16 10:35:14] EDIT cfui/models/db.py: 1
[2014-09-16 10:36:38] EDIT cfui/models/db.py: 1
[2014-09-16 10:37:29] EDIT cfui/models/db.py: 0
[2014-09-16 10:38:07] EDIT cfui/models/db.py: 0
[2014-09-16 10:47:38] EDIT cfui/models/db.py: 0
[2014-09-16 10:48:19] EDIT cfui/models/db.py: 0
[2014-09-16 10:48:50] EDIT cfui/models/db.py: 0
[2014-09-16 10:49:30] EDIT cfui/models/db.py: 0
[2014-09-16 10:50:07] EDIT cfui/models/db.py: 0
[2014-09-16 10:52:23] EDIT cfui/models/scheduler.py: 0
[2014-09-16 10:52:35] EDIT cfui/models/db.py: 0
[2014-09-16 11:20:56] EDIT cfui/models/db.py: 0
[2014-09-16 11:21:11] EDIT cfui/models/scheduler.py: 0
[2014-09-16 11:23:47] EDIT cfui/models/scheduler.py: 0
[2014-09-16 11:25:00] EDIT cfui/models/scheduler.py: 2
[2014-09-16 11:26:50] EDIT cfui/models/scheduler.py: 0
[2014-09-16 11:27:03] EDIT cfui/models/scheduler.py: 0
[2014-09-16 11:27:22] EDIT cfui/models/scheduler.py: 1
[2014-09-16 11:28:43] EDIT cfui/models/db.py: 0
[2014-09-16 11:28:48] EDIT cfui/models/db.py: 0
[2014-09-16 11:28:57] EDIT cfui/models/db.py: 0
[2014-09-16 11:29:18] EDIT cfui/models/db.py: 0
[2014-09-16 11:29:53] EDIT cfui/models/db.py: 0
[2014-09-16 11:31:10] EDIT cfui/models/db.py: 0
[2014-09-16 11:31:25] EDIT cfui/models/db.py: 0
[2014-09-16 11:33:12] EDIT cfui/models/db.py: 0
[2014-09-16 11:39:22] EDIT cfui/models/db.py: 0
[2014-09-16 11:39:49] EDIT cfui/models/scheduler.py: -2
[2014-09-16 11:40:12] EDIT cfui/models/scheduler.py: 0
[2014-09-16 11:41:26] EDIT cfui/controllers/default.py: 0
[2014-09-16 11:42:17] EDIT cfui/controllers/default.py: 0
[2014-09-16 11:43:21] EDIT cfui/models/scheduler.py: 2
[2014-09-16 11:45:21] EDIT cfui/models/db.py: 0
[2014-09-16 11:46:04] EDIT cfui/models/db.py: 0
[2014-09-16 11:47:07] EDIT cfui/models/scheduler.py: 0
[2014-09-16 11:54:50] EDIT cfui/models/scheduler.py: -2
[2014-09-16 11:58:07] EDIT cfui/models/db.py: 0
[2014-09-16 12:02:11] EDIT cfui/controllers/default.py: 5
[2014-09-16 12:03:22] EDIT cfui/controllers/default.py: 0
[2014-09-16 12:03:49] CREATE default/statlog.html: 0
[2014-09-16 12:04:22] EDIT cfui/controllers/default.py: 0
[2014-09-16 12:04:43] EDIT cfui/controllers/default.py: 1
[2014-09-16 12:06:27] EDIT cfui/views/default/statlog.html: 3
[2014-09-16 12:07:15] EDIT cfui/views/default/statlog.html: 0
[2014-09-16 12:08:18] EDIT cfui/views/default/statlog.html: 1
[2014-09-16 12:08:34] EDIT cfui/views/default/statlog.html: -3
[2014-09-16 12:08:57] EDIT cfui/views/default/statlog.html: 1
[2014-09-16 12:09:16] EDIT cfui/views/default/statlog.html: -1
[2014-09-16 12:12:16] EDIT cfui/views/default/statlog.html: 1
[2014-09-16 12:13:26] EDIT cfui/views/default/statlog.html: 1
[2014-09-16 12:14:04] EDIT cfui/views/default/statlog.html: 1
[2014-09-16 12:15:09] EDIT cfui/views/default/statlog.html: 0
[2014-09-16 12:15:29] EDIT cfui/views/default/statlog.html: 2
[2014-09-16 12:15:45] EDIT cfui/views/default/statlog.html: 0
[2014-09-16 12:16:19] EDIT cfui/views/default/statlog.html: -2
[2014-09-16 12:16:35] EDIT cfui/views/default/statlog.html: 0
[2014-09-16 12:16:52] EDIT cfui/views/default/statlog.html: 2
[2014-09-16 12:17:22] EDIT cfui/controllers/default.py: 0
[2014-09-16 12:17:31] EDIT cfui/views/default/statlog.html: -2
[2014-09-16 12:17:46] EDIT cfui/views/default/statlog.html: 2
[2014-09-16 12:18:20] EDIT cfui/views/default/statlog.html: 0
[2014-09-16 12:18:43] EDIT cfui/views/default/statlog.html: 0
[2014-09-16 12:19:11] EDIT cfui/views/default/statlog.html: 0
[2014-09-16 12:20:06] EDIT cfui/views/default/statlog.html: -3
[2014-09-16 12:20:18] EDIT cfui/views/default/statlog.html: 0
[2014-09-16 12:20:34] EDIT cfui/controllers/default.py: -1
[2014-09-16 12:21:01] EDIT cfui/models/db.py: 0
[2014-09-16 12:21:05] EDIT cfui/models/db.py: 0
[2014-09-16 12:21:23] EDIT cfui/models/db.py: 0
[2014-09-16 12:22:01] EDIT cfui/models/db.py: 0
[2014-09-16 12:22:43] EDIT cfui/models/db.py: 0
[2014-09-16 12:22:53] EDIT cfui/models/db.py: 0
[2014-09-16 12:23:27] EDIT cfui/controllers/default.py: 5
[2014-09-16 12:23:51] CREATE default/view_statlog.html: 0
[2014-09-16 12:24:12] EDIT cfui/views/default/view_statlog.html: 0
[2014-09-16 12:24:52] EDIT cfui/models/db.py: 0
[2014-09-16 12:25:04] EDIT cfui/models/db.py: 0
[2014-09-16 12:26:06] EDIT cfui/views/default/view_statlog.html: 1
[2014-09-16 12:26:12] EDIT cfui/views/default/view_statlog.html: 0
[2014-09-16 12:28:29] EDIT cfui/views/default/view_statlog.html: 1
[2014-09-16 12:28:49] EDIT cfui/views/default/view_statlog.html: 0
[2014-09-16 12:29:16] EDIT cfui/views/default/view_statlog.html: 0
[2014-09-16 12:29:42] EDIT cfui/views/default/view_statlog.html: 1
[2014-09-16 12:29:59] EDIT cfui/views/default/view_statlog.html: -1
[2014-09-16 12:59:44] EDIT cfui/models/db.py: -1
[2014-09-16 13:00:03] EDIT cfui/models/scheduler.py: -1
[2014-09-16 13:01:40] EDIT cfui/models/db.py: -1
[2014-09-16 13:04:13] EDIT cfui/models/db.py: 0
[2014-09-16 13:04:37] EDIT cfui/models/db.py: 1
[2014-09-16 13:05:10] EDIT cfui/models/db.py: 1
[2014-09-16 13:06:18] EDIT cfui/models/db.py: 1
[2014-09-16 13:06:37] EDIT cfui/models/db.py: 0
[2014-09-16 13:07:11] EDIT cfui/models/db.py: 0
[2014-09-16 13:07:19] EDIT cfui/models/db.py: 0
[2014-09-16 13:07:21] EDIT cfui/models/db.py: 0
[2014-09-16 13:07:40] EDIT cfui/models/db.py: 0
[2014-09-16 13:08:20] EDIT cfui/models/db.py: 0
[2014-09-16 13:10:38] EDIT cfui/models/db.py: 1
[2014-09-16 13:18:14] EDIT cfui/models/db.py: 1
[2014-09-16 13:18:53] EDIT cfui/models/db.py: 0
[2014-09-16 13:32:50] EDIT cfui/models/db.py: 0
[2014-09-16 13:33:29] EDIT cfui/models/db.py: 0
[2014-09-16 13:37:44] EDIT cfui/controllers/default.py: 6
[2014-09-16 14:33:36] CREATE default/outfile.html: 0
[2014-09-16 14:34:30] EDIT cfui/views/default/outfile.html: 3
[2014-09-16 14:35:20] EDIT cfui/models/db.py: 0
[2014-09-16 14:36:25] EDIT cfui/controllers/default.py: 0
[2014-09-16 14:36:35] EDIT cfui/controllers/default.py: 0
[2014-09-16 14:37:30] EDIT cfui/controllers/default.py: 1
[2014-09-16 14:38:00] CREATE default/view_outfile.html: 0
[2014-09-16 14:40:36] EDIT cfui/controllers/default.py: 0
[2014-09-16 14:40:44] EDIT cfui/controllers/default.py: 0
[2014-09-16 14:41:37] EDIT cfui/views/default/view_outfile.html: 3
[2014-09-16 14:42:53] EDIT cfui/models/db.py: 0
[2014-09-16 14:42:59] EDIT cfui/models/db.py: 0
[2014-09-16 14:43:08] EDIT cfui/views/default/view_outfile.html: 0
[2014-09-16 14:44:09] EDIT cfui/controllers/default.py: 0
[2014-09-16 14:44:50] EDIT cfui/views/default/view_outfile.html: 1
[2014-09-16 14:47:13] EDIT cfui/controllers/default.py: 0
[2014-09-16 14:47:21] EDIT cfui/views/default/view_outfile.html: 0
[2014-09-16 14:47:39] EDIT cfui/views/default/view_outfile.html: 0
[2014-09-16 14:49:01] EDIT cfui/views/default/view_statlog.html: 1
[2014-09-16 14:49:36] EDIT cfui/views/default/view_statlog.html: 0
[2014-09-16 14:49:54] EDIT cfui/views/default/view_statlog.html: 0
[2014-09-16 14:50:08] EDIT cfui/views/default/view_statlog.html: 1
[2014-09-16 15:16:08] EDIT cfui/controllers/default.py: 1
[2014-09-16 15:16:41] EDIT cfui/controllers/default.py: 0
[2014-09-16 15:16:55] EDIT cfui/controllers/default.py: 0
[2014-09-16 15:17:50] EDIT cfui/controllers/default.py: -1
[2014-09-16 15:19:35] EDIT cfui/models/db.py: 1
[2014-09-16 15:20:54] EDIT cfui/models/scheduler.py: 0
[2014-09-16 15:21:40] EDIT cfui/models/scheduler.py: 0
[2014-09-16 15:21:44] EDIT cfui/models/scheduler.py: 0
[2014-09-16 15:21:53] EDIT cfui/models/scheduler.py: 0
[2014-09-16 15:22:05] EDIT cfui/models/db.py: 0
[2014-09-16 15:22:32] EDIT cfui/models/db.py: 0
[2014-09-16 15:32:08] EDIT cfui/models/scheduler.py: 4
[2014-09-16 15:48:00] EDIT cfui/models/scheduler.py: 0
[2014-09-16 15:52:20] EDIT cfui/models/scheduler.py: 0
[2014-09-16 15:54:43] EDIT cfui/models/db.py: 0
[2014-09-16 15:55:05] EDIT cfui/models/db.py: 0
[2014-09-16 15:55:30] EDIT cfui/models/db.py: 0
[2014-09-16 15:57:03] EDIT cfui/models/db.py: 0
[2014-09-16 15:57:51] EDIT cfui/models/db.py: 0
[2014-09-16 15:58:22] EDIT cfui/models/db.py: 0
[2014-09-16 15:59:00] EDIT cfui/models/db.py: 0
[2014-09-16 15:59:02] EDIT cfui/models/db.py: 0
[2014-09-16 15:59:20] EDIT cfui/models/db.py: 0
[2014-09-16 16:00:09] EDIT cfui/models/db.py: 0
[2014-09-16 16:00:25] EDIT cfui/models/db.py: 0
[2014-09-16 16:00:49] EDIT cfui/models/db.py: 0
[2014-09-16 16:01:19] EDIT cfui/models/db.py: 0
[2014-09-16 16:02:42] EDIT cfui/controllers/default.py: 5
[2014-09-16 16:03:23] EDIT cfui/controllers/default.py: 3
[2014-09-16 16:03:44] EDIT cfui/controllers/default.py: 0
[2014-09-16 16:04:01] EDIT cfui/controllers/default.py: 0
[2014-09-17 07:54:25] EDIT cfui/models/db.py: 1
[2014-09-17 07:55:29] EDIT cfui/models/db.py: 1
[2014-09-17 07:55:43] EDIT cfui/models/db.py: -1
[2014-09-17 07:55:50] EDIT cfui/models/db.py: 1
[2014-09-17 07:57:31] EDIT cfui/models/scheduler.py: -1
[2014-09-17 07:58:09] EDIT cfui/models/scheduler.py: 0
[2014-09-17 07:58:25] EDIT cfui/models/scheduler.py: 1
[2014-09-17 07:59:24] EDIT cfui/models/scheduler.py: 2
[2014-09-17 08:05:42] EDIT cfui/controllers/default.py: 1
[2014-09-17 08:06:07] EDIT cfui/controllers/default.py: 0
[2014-09-17 08:07:12] EDIT cfui/controllers/default.py: -1
[2014-09-17 08:09:39] EDIT cfui/controllers/default.py: 1
[2014-09-17 08:09:46] EDIT cfui/controllers/default.py: 0
[2014-09-17 08:13:01] EDIT cfui/controllers/default.py: 0
[2014-09-17 08:13:08] EDIT cfui/controllers/default.py: 0
[2014-09-17 08:13:39] EDIT cfui/controllers/default.py: 1
[2014-09-17 08:14:05] EDIT cfui/controllers/default.py: 1
[2014-09-17 08:16:28] EDIT cfui/models/db.py: 0
[2014-09-17 08:17:07] EDIT cfui/views/default/view_outfile.html: 0
[2014-09-17 08:17:13] EDIT cfui/views/default/view_outfile.html: 0
[2014-09-17 08:39:17] CREATE default/outchannel.html: 0
[2014-09-17 08:39:34] CREATE default/view_outchannel.html: 0
[2014-09-17 08:40:46] EDIT cfui/views/default/view_outfile.html: 0
[2014-09-17 08:40:59] EDIT cfui/views/default/view_outchannel.html: 4
[2014-09-17 08:41:39] EDIT cfui/views/default/view_outchannel.html: 0
[2014-09-17 08:45:03] EDIT cfui/views/default/outchannel.html: 3
[2014-09-17 08:45:37] EDIT cfui/views/default/view_outchannel.html: 0
[2014-09-17 08:46:44] CREATE default/errchannel.html: 0
[2014-09-17 08:49:22] CREATE default/view_errchannel.html: 0
[2014-09-17 08:51:02] EDIT cfui/views/default/view_errchannel.html: 4
[2014-09-17 08:51:09] EDIT cfui/views/default/view_errchannel.html: 0
[2014-09-17 08:51:40] EDIT cfui/views/default/errchannel.html: 3
[2014-09-17 08:52:39] EDIT cfui/controllers/default.py: 8
[2014-09-22 07:43:19] EDIT cfui/controllers/default.py: 8
[2014-09-22 07:44:27] EDIT cfui/controllers/default.py: -3
[2014-09-22 07:46:00] EDIT cfui/models/db.py: 1
[2014-09-22 07:46:51] CREATE default/view_script.html: 0
[2014-09-22 07:48:22] EDIT cfui/views/default/view_script.html: 4
[2014-09-22 07:48:30] EDIT cfui/views/default/view_script.html: 0
[2014-09-22 07:49:18] EDIT cfui/views/default/view_script.html: 0
[2014-09-22 07:50:17] EDIT cfui/views/default/view_script.html: 0
[2014-09-22 07:51:39] EDIT cfui/controllers/default.py: 0
[2014-09-22 07:51:46] EDIT cfui/views/default/view_script.html: 0
[2014-09-22 07:52:49] EDIT cfui/views/default/view_script.html: 1
[2014-09-22 07:55:11] EDIT cfui/views/default/view_script.html: 0
[2014-09-22 07:55:54] EDIT cfui/views/default/view_script.html: 0
[2014-09-22 07:56:16] EDIT cfui/views/default/view_script.html: 0
[2014-09-22 07:56:21] EDIT cfui/views/default/view_script.html: 0
[2014-09-22 07:56:47] EDIT cfui/views/default/view_script.html: 0
[2014-09-22 07:57:39] EDIT cfui/views/default/view_script.html: 0
[2014-09-22 08:00:09] EDIT cfui/views/default/view_script.html: 0
[2014-09-22 08:08:33] EDIT cfui/views/default/view_script.html: 0
[2014-09-22 08:09:29] EDIT cfui/views/default/view_script.html: 0
[2014-09-22 08:11:16] EDIT cfui/models/db.py: 1
[2014-09-22 08:11:45] EDIT cfui/models/db.py: 0
